Построение начато 11.05.2017 0:22:27.
     1>Проект "C:\lab_table\app\app.vcxproj" в узле 3 (целевые объекты build).
     1>InitializeBuildStatus:
         Создание "app.dir\Debug\app.unsuccessfulbuild", так как было задано "AlwaysCreate".
       CustomBuild:
         Для всех выходных данных обновления не требуется.
       ClCompile:
         c:\Program Files\Microsoft Visual Studio 10.0\VC\bin\CL.exe /c /IC:\lab_table\include /IC:\lab_table\app\..\include /Zi /nologo /W3 /WX- /Od /Ob0 /Oy- /D WIN32 /D _WINDOWS /D "CMAKE_INTDIR=\"Debug\"" /D _MBCS /Gm- /EHsc /RTC1 /MDd /GS /fp:precise /Zc:wchar_t /Zc:forScope /GR /Fo"app.dir\Debug\\" /Fd"app.dir\Debug\vc100.pdb" /Gd /TP /analyze- /errorReport:prompt main.cpp
         main.cpp
       ManifestResourceCompile:
         Для всех выходных данных обновления не требуется.
       Link:
         c:\Program Files\Microsoft Visual Studio 10.0\VC\bin\link.exe /ERRORREPORT:PROMPT /OUT:"C:\lab_table\bin\Debug\app.exe" /INCREMENTAL /NOLOGO kernel32.lib user32.lib gdi32.lib winspool.lib shell32.lib ole32.lib oleaut32.lib uuid.lib comdlg32.lib advapi32.lib ..\src\Debug\code.lib /MANIFEST /ManifestFile:"app.dir\Debug\app.exe.intermediate.manifest" /MANIFESTUAC:"level='asInvoker' uiAccess='false'" /DEBUG /PDB:"C:/lab_table/bin/Debug/app.pdb" /SUBSYSTEM:CONSOLE /TLBID:1 /DYNAMICBASE /NXCOMPAT /IMPLIB:"C:/lab_table/app/Debug/app.lib" /MACHINE:X86 app.dir\Debug\app.exe.embed.manifest.res
         app.dir\Debug\main.obj   /machine:X86
       Manifest:
         c:\Program Files\Microsoft SDKs\Windows\v7.0A\bin\mt.exe /nologo /verbose /out:"app.dir\Debug\app.exe.embed.manifest" /manifest app.dir\Debug\app.exe.intermediate.manifest
         Для всех выходных данных обновления не требуется.
       LinkEmbedManifest:
         Для всех выходных данных обновления не требуется.
         app.vcxproj -> C:\lab_table\bin\Debug\app.exe
       FinalizeBuildStatus:
         Файл "app.dir\Debug\app.unsuccessfulbuild" удаляется.
         Обращение к "app.dir\Debug\app.lastbuildstate".
     1>Построение проекта "C:\lab_table\app\app.vcxproj" завершено (целевые объекты build).

Построение успешно завершено.

Затраченное время: 00:00:01.62
